This file contains any messages produced by compilers while
running configure, to aid debugging if configure makes a mistake.

It was created by vsearch configure 2.7.1, which was
generated by GNU Autoconf 2.69.  Invocation command line was

  $ ./configure 

## --------- ##
## Platform. ##
## --------- ##

hostname = cb-head1
uname -m = x86_64
uname -r = 4.4.0-127-generic
uname -s = Linux
uname -v = #153-Ubuntu SMP Sat May 19 10:58:46 UTC 2018

/usr/bin/uname -p = unknown
/bin/uname -X     = unknown

/bin/arch              = unknown
/usr/bin/arch -k       = unknown
/usr/convex/getsysinfo = unknown
/usr/bin/hostinfo      = unknown
/bin/machine           = unknown
/usr/bin/oslevel       = unknown
/bin/universe          = unknown

PATH: /mnt/home1/miska/riehl/anaconda3/envs/python27/bin
PATH: /mnt/home1/miska/riehl/bin
PATH: /mnt/home1/miska/riehl/.local/bin
PATH: /mnt/home1/miska/riehl/anaconda3/condabin
PATH: /usr/local/sbin
PATH: /usr/local/bin
PATH: /usr/sbin
PATH: /usr/bin
PATH: /sbin
PATH: /bin
PATH: /usr/games
PATH: /usr/local/games
PATH: /snap/bin
PATH: /usr/lib/jvm/java-8-oracle/bin
PATH: /usr/lib/jvm/java-8-oracle/db/bin
PATH: /usr/lib/jvm/java-8-oracle/jre/bin


## ----------- ##
## Core tests. ##
## ----------- ##

configure:2461: checking build system type
configure:2475: result: x86_64-pc-linux-gnu
configure:2495: checking host system type
configure:2508: result: x86_64-pc-linux-gnu
configure:2528: checking target system type
configure:2541: result: x86_64-pc-linux-gnu
configure:2583: checking for a BSD-compatible install
configure:2651: result: /usr/bin/install -c
configure:2662: checking whether build environment is sane
configure:2717: result: yes
configure:2868: checking for a thread-safe mkdir -p
configure:2907: result: /bin/mkdir -p
configure:2914: checking for gawk
configure:2930: found /usr/bin/gawk
configure:2941: result: gawk
configure:2952: checking whether make sets $(MAKE)
configure:2974: result: yes
configure:3003: checking whether make supports nested variables
configure:3020: result: yes
configure:3223: checking for g++
configure:3239: found /usr/bin/g++
configure:3250: result: g++
configure:3277: checking for C++ compiler version
configure:3286: g++ --version >&5
g++ (Ubuntu 5.4.0-6ubuntu1~16.04.12) 5.4.0 20160609
Copyright (C) 2015 Free Software Foundation, Inc.
This is free software; see the source for copying conditions.  There is NO
warranty; not even for MERCHANTABILITY or FITNESS FOR A PARTICULAR PURPOSE.

configure:3297: $? = 0
configure:3286: g++ -v >&5
Using built-in specs.
COLLECT_GCC=g++
COLLECT_LTO_WRAPPER=/usr/lib/gcc/x86_64-linux-gnu/5/lto-wrapper
Target: x86_64-linux-gnu
Configured with: ../src/configure -v --with-pkgversion='Ubuntu 5.4.0-6ubuntu1~16.04.12' --with-bugurl=file:///usr/share/doc/gcc-5/README.Bugs --enable-languages=c,ada,c++,java,go,d,fortran,objc,obj-c++ --prefix=/usr --program-suffix=-5 --enable-shared --enable-linker-build-id --libexecdir=/usr/lib --without-included-gettext --enable-threads=posix --libdir=/usr/lib --enable-nls --with-sysroot=/ --enable-clocale=gnu --enable-libstdcxx-debug --enable-libstdcxx-time=yes --with-default-libstdcxx-abi=new --enable-gnu-unique-object --disable-vtable-verify --enable-libmpx --enable-plugin --with-system-zlib --disable-browser-plugin --enable-java-awt=gtk --enable-gtk-cairo --with-java-home=/usr/lib/jvm/java-1.5.0-gcj-5-amd64/jre --enable-java-home --with-jvm-root-dir=/usr/lib/jvm/java-1.5.0-gcj-5-amd64 --with-jvm-jar-dir=/usr/lib/jvm-exports/java-1.5.0-gcj-5-amd64 --with-arch-directory=amd64 --with-ecj-jar=/usr/share/java/eclipse-ecj.jar --enable-objc-gc --enable-multiarch --disable-werror --with-arch-32=i686 --with-abi=m64 --with-multilib-list=m32,m64,mx32 --enable-multilib --with-tune=generic --enable-checking=release --build=x86_64-linux-gnu --host=x86_64-linux-gnu --target=x86_64-linux-gnu
Thread model: posix
gcc version 5.4.0 20160609 (Ubuntu 5.4.0-6ubuntu1~16.04.12) 
configure:3297: $? = 0
configure:3286: g++ -V >&5
g++: error: unrecognized command line option '-V'
g++: fatal error: no input files
compilation terminated.
configure:3297: $? = 1
configure:3286: g++ -qversion >&5
g++: error: unrecognized command line option '-qversion'
g++: fatal error: no input files
compilation terminated.
configure:3297: $? = 1
configure:3317: checking whether the C++ compiler works
configure:3339: g++ -g   conftest.cpp  >&5
configure:3343: $? = 0
configure:3391: result: yes
configure:3394: checking for C++ compiler default output file name
configure:3396: result: a.out
configure:3402: checking for suffix of executables
configure:3409: g++ -o conftest -g   conftest.cpp  >&5
configure:3413: $? = 0
configure:3435: result: 
configure:3457: checking whether we are cross compiling
configure:3465: g++ -o conftest -g   conftest.cpp  >&5
configure:3469: $? = 0
configure:3476: ./conftest
configure:3480: $? = 0
configure:3495: result: no
configure:3500: checking for suffix of object files
configure:3522: g++ -c -g  conftest.cpp >&5
configure:3526: $? = 0
configure:3547: result: o
configure:3551: checking whether we are using the GNU C++ compiler
configure:3570: g++ -c -g  conftest.cpp >&5
configure:3570: $? = 0
configure:3579: result: yes
configure:3588: checking whether g++ accepts -g
configure:3608: g++ -c -g  conftest.cpp >&5
configure:3608: $? = 0
configure:3649: result: yes
configure:3683: checking for style of include used by make
configure:3711: result: GNU
configure:3737: checking dependency style of g++
configure:3848: result: gcc3
configure:3906: checking for ranlib
configure:3922: found /usr/bin/ranlib
configure:3933: result: ranlib
configure:3959: checking for pthread_create in -lpthread
configure:3984: g++ -o conftest -g   conftest.cpp -lpthread   >&5
configure:3984: $? = 0
configure:3993: result: yes
configure:4004: checking for dlopen in -ldl
configure:4029: g++ -o conftest -g   conftest.cpp -ldl  -lpthread  >&5
configure:4029: $? = 0
configure:4038: result: yes
configure:4050: checking for GetProcessMemoryInfo in -lpsapi
configure:4075: g++ -o conftest -g   conftest.cpp -lpsapi  -ldl -lpthread  >&5
/usr/bin/ld: cannot find -lpsapi
collect2: error: ld returned 1 exit status
configure:4075: $? = 1
configure: failed program was:
| /* confdefs.h */
| #define PACKAGE_NAME "vsearch"
| #define PACKAGE_TARNAME "vsearch"
| #define PACKAGE_VERSION "2.7.1"
| #define PACKAGE_STRING "vsearch 2.7.1"
| #define PACKAGE_BUGREPORT "torognes@ifi.uio.no"
| #define PACKAGE_URL ""
| #define PACKAGE "vsearch"
| #define VERSION "2.7.1"
| #define HAVE_LIBPTHREAD 1
| #define HAVE_LIBDL 1
| /* end confdefs.h.  */
| 
| /* Override any GCC internal prototype to avoid an error.
|    Use char because int might match the return type of a GCC
|    builtin and then its argument prototype would still apply.  */
| #ifdef __cplusplus
| extern "C"
| #endif
| char GetProcessMemoryInfo ();
| int
| main ()
| {
| return GetProcessMemoryInfo ();
|   ;
|   return 0;
| }
configure:4084: result: no
configure:4102: checking how to run the C++ preprocessor
configure:4129: g++ -E  conftest.cpp
configure:4129: $? = 0
configure:4143: g++ -E  conftest.cpp
conftest.cpp:13:28: fatal error: ac_nonexistent.h: No such file or directory
compilation terminated.
configure:4143: $? = 1
configure: failed program was:
| /* confdefs.h */
| #define PACKAGE_NAME "vsearch"
| #define PACKAGE_TARNAME "vsearch"
| #define PACKAGE_VERSION "2.7.1"
| #define PACKAGE_STRING "vsearch 2.7.1"
| #define PACKAGE_BUGREPORT "torognes@ifi.uio.no"
| #define PACKAGE_URL ""
| #define PACKAGE "vsearch"
| #define VERSION "2.7.1"
| #define HAVE_LIBPTHREAD 1
| #define HAVE_LIBDL 1
| /* end confdefs.h.  */
| #include <ac_nonexistent.h>
configure:4168: result: g++ -E
configure:4188: g++ -E  conftest.cpp
configure:4188: $? = 0
configure:4202: g++ -E  conftest.cpp
conftest.cpp:13:28: fatal error: ac_nonexistent.h: No such file or directory
compilation terminated.
configure:4202: $? = 1
configure: failed program was:
| /* confdefs.h */
| #define PACKAGE_NAME "vsearch"
| #define PACKAGE_TARNAME "vsearch"
| #define PACKAGE_VERSION "2.7.1"
| #define PACKAGE_STRING "vsearch 2.7.1"
| #define PACKAGE_BUGREPORT "torognes@ifi.uio.no"
| #define PACKAGE_URL ""
| #define PACKAGE "vsearch"
| #define VERSION "2.7.1"
| #define HAVE_LIBPTHREAD 1
| #define HAVE_LIBDL 1
| /* end confdefs.h.  */
| #include <ac_nonexistent.h>
configure:4231: checking for grep that handles long lines and -e
configure:4289: result: /bin/grep
configure:4294: checking for egrep
configure:4356: result: /bin/grep -E
configure:4361: checking for ANSI C header files
configure:4381: g++ -c -g  conftest.cpp >&5
configure:4381: $? = 0
configure:4454: g++ -o conftest -g   conftest.cpp -ldl -lpthread  >&5
configure:4454: $? = 0
configure:4454: ./conftest
configure:4454: $? = 0
configure:4465: result: yes
configure:4478: checking for sys/types.h
configure:4478: g++ -c -g  conftest.cpp >&5
configure:4478: $? = 0
configure:4478: result: yes
configure:4478: checking for sys/stat.h
configure:4478: g++ -c -g  conftest.cpp >&5
configure:4478: $? = 0
configure:4478: result: yes
configure:4478: checking for stdlib.h
configure:4478: g++ -c -g  conftest.cpp >&5
configure:4478: $? = 0
configure:4478: result: yes
configure:4478: checking for string.h
configure:4478: g++ -c -g  conftest.cpp >&5
configure:4478: $? = 0
configure:4478: result: yes
configure:4478: checking for memory.h
configure:4478: g++ -c -g  conftest.cpp >&5
configure:4478: $? = 0
configure:4478: result: yes
configure:4478: checking for strings.h
configure:4478: g++ -c -g  conftest.cpp >&5
configure:4478: $? = 0
configure:4478: result: yes
configure:4478: checking for inttypes.h
configure:4478: g++ -c -g  conftest.cpp >&5
configure:4478: $? = 0
configure:4478: result: yes
configure:4478: checking for stdint.h
configure:4478: g++ -c -g  conftest.cpp >&5
configure:4478: $? = 0
configure:4478: result: yes
configure:4478: checking for unistd.h
configure:4478: g++ -c -g  conftest.cpp >&5
configure:4478: $? = 0
configure:4478: result: yes
configure:4493: checking getopt.h usability
configure:4493: g++ -c -g  conftest.cpp >&5
configure:4493: $? = 0
configure:4493: result: yes
configure:4493: checking getopt.h presence
configure:4493: g++ -E  conftest.cpp
configure:4493: $? = 0
configure:4493: result: yes
configure:4493: checking for getopt.h
configure:4493: result: yes
configure:4493: checking fcntl.h usability
configure:4493: g++ -c -g  conftest.cpp >&5
configure:4493: $? = 0
configure:4493: result: yes
configure:4493: checking fcntl.h presence
configure:4493: g++ -E  conftest.cpp
configure:4493: $? = 0
configure:4493: result: yes
configure:4493: checking for fcntl.h
configure:4493: result: yes
configure:4493: checking float.h usability
configure:4493: g++ -c -g  conftest.cpp >&5
configure:4493: $? = 0
configure:4493: result: yes
configure:4493: checking float.h presence
configure:4493: g++ -E  conftest.cpp
configure:4493: $? = 0
configure:4493: result: yes
configure:4493: checking for float.h
configure:4493: result: yes
configure:4493: checking regex.h usability
configure:4493: g++ -c -g  conftest.cpp >&5
configure:4493: $? = 0
configure:4493: result: yes
configure:4493: checking regex.h presence
configure:4493: g++ -E  conftest.cpp
configure:4493: $? = 0
configure:4493: result: yes
configure:4493: checking for regex.h
configure:4493: result: yes
configure:4493: checking ctype.h usability
configure:4493: g++ -c -g  conftest.cpp >&5
configure:4493: $? = 0
configure:4493: result: yes
configure:4493: checking ctype.h presence
configure:4493: g++ -E  conftest.cpp
configure:4493: $? = 0
configure:4493: result: yes
configure:4493: checking for ctype.h
configure:4493: result: yes
configure:4493: checking locale.h usability
configure:4493: g++ -c -g  conftest.cpp >&5
configure:4493: $? = 0
configure:4493: result: yes
configure:4493: checking locale.h presence
configure:4493: g++ -E  conftest.cpp
configure:4493: $? = 0
configure:4493: result: yes
configure:4493: checking for locale.h
configure:4493: result: yes
configure:4493: checking limits.h usability
configure:4493: g++ -c -g  conftest.cpp >&5
configure:4493: $? = 0
configure:4493: result: yes
configure:4493: checking limits.h presence
configure:4493: g++ -E  conftest.cpp
configure:4493: $? = 0
configure:4493: result: yes
configure:4493: checking for limits.h
configure:4493: result: yes
configure:4493: checking for string.h
configure:4493: result: yes
configure:4493: checking sys/time.h usability
configure:4493: g++ -c -g  conftest.cpp >&5
configure:4493: $? = 0
configure:4493: result: yes
configure:4493: checking sys/time.h presence
configure:4493: g++ -E  conftest.cpp
configure:4493: $? = 0
configure:4493: result: yes
configure:4493: checking for sys/time.h
configure:4493: result: yes
configure:4493: checking dlfcn.h usability
configure:4493: g++ -c -g  conftest.cpp >&5
configure:4493: $? = 0
configure:4493: result: yes
configure:4493: checking dlfcn.h presence
configure:4493: g++ -E  conftest.cpp
configure:4493: $? = 0
configure:4493: result: yes
configure:4493: checking for dlfcn.h
configure:4493: result: yes
configure:4505: checking for inline
configure:4521: g++ -c -g  conftest.cpp >&5
configure:4521: $? = 0
configure:4529: result: inline
configure:4547: checking for size_t
configure:4547: g++ -c -g  conftest.cpp >&5
configure:4547: $? = 0
configure:4547: g++ -c -g  conftest.cpp >&5
conftest.cpp: In function 'int main()':
conftest.cpp:69:20: error: expected primary-expression before ')' token
 if (sizeof ((size_t)))
                    ^
configure:4547: $? = 1
configure: failed program was:
| /* confdefs.h */
| #define PACKAGE_NAME "vsearch"
| #define PACKAGE_TARNAME "vsearch"
| #define PACKAGE_VERSION "2.7.1"
| #define PACKAGE_STRING "vsearch 2.7.1"
| #define PACKAGE_BUGREPORT "torognes@ifi.uio.no"
| #define PACKAGE_URL ""
| #define PACKAGE "vsearch"
| #define VERSION "2.7.1"
| #define HAVE_LIBPTHREAD 1
| #define HAVE_LIBDL 1
| #define STDC_HEADERS 1
| #define HAVE_SYS_TYPES_H 1
| #define HAVE_SYS_STAT_H 1
| #define HAVE_STDLIB_H 1
| #define HAVE_STRING_H 1
| #define HAVE_MEMORY_H 1
| #define HAVE_STRINGS_H 1
| #define HAVE_INTTYPES_H 1
| #define HAVE_STDINT_H 1
| #define HAVE_UNISTD_H 1
| #define HAVE_GETOPT_H 1
| #define HAVE_FCNTL_H 1
| #define HAVE_FLOAT_H 1
| #define HAVE_REGEX_H 1
| #define HAVE_CTYPE_H 1
| #define HAVE_LOCALE_H 1
| #define HAVE_LIMITS_H 1
| #define HAVE_STRING_H 1
| #define HAVE_SYS_TIME_H 1
| #define HAVE_DLFCN_H 1
| /* end confdefs.h.  */
| #include <stdio.h>
| #ifdef HAVE_SYS_TYPES_H
| # include <sys/types.h>
| #endif
| #ifdef HAVE_SYS_STAT_H
| # include <sys/stat.h>
| #endif
| #ifdef STDC_HEADERS
| # include <stdlib.h>
| # include <stddef.h>
| #else
| # ifdef HAVE_STDLIB_H
| #  include <stdlib.h>
| # endif
| #endif
| #ifdef HAVE_STRING_H
| # if !defined STDC_HEADERS && defined HAVE_MEMORY_H
| #  include <memory.h>
| # endif
| # include <string.h>
| #endif
| #ifdef HAVE_STRINGS_H
| # include <strings.h>
| #endif
| #ifdef HAVE_INTTYPES_H
| # include <inttypes.h>
| #endif
| #ifdef HAVE_STDINT_H
| # include <stdint.h>
| #endif
| #ifdef HAVE_UNISTD_H
| # include <unistd.h>
| #endif
| int
| main ()
| {
| if (sizeof ((size_t)))
| 	    return 0;
|   ;
|   return 0;
| }
configure:4547: result: yes
configure:4558: checking for uint32_t
configure:4558: g++ -c -g  conftest.cpp >&5
configure:4558: $? = 0
configure:4558: result: yes
configure:4572: checking for int64_t
configure:4572: g++ -c -g  conftest.cpp >&5
configure:4572: $? = 0
configure:4572: g++ -c -g  conftest.cpp >&5
conftest.cpp: In function 'int main()':
conftest.cpp:71:53: warning: integer overflow in expression [-Woverflow]
    < (int64_t) (((((int64_t) 1 << N) << N) - 1) * 2 + 2))];
                                                     ^
conftest.cpp:71:58: error: size of array 'test_array' is negative
    < (int64_t) (((((int64_t) 1 << N) << N) - 1) * 2 + 2))];
                                                          ^
configure:4572: $? = 1
configure: failed program was:
| /* confdefs.h */
| #define PACKAGE_NAME "vsearch"
| #define PACKAGE_TARNAME "vsearch"
| #define PACKAGE_VERSION "2.7.1"
| #define PACKAGE_STRING "vsearch 2.7.1"
| #define PACKAGE_BUGREPORT "torognes@ifi.uio.no"
| #define PACKAGE_URL ""
| #define PACKAGE "vsearch"
| #define VERSION "2.7.1"
| #define HAVE_LIBPTHREAD 1
| #define HAVE_LIBDL 1
| #define STDC_HEADERS 1
| #define HAVE_SYS_TYPES_H 1
| #define HAVE_SYS_STAT_H 1
| #define HAVE_STDLIB_H 1
| #define HAVE_STRING_H 1
| #define HAVE_MEMORY_H 1
| #define HAVE_STRINGS_H 1
| #define HAVE_INTTYPES_H 1
| #define HAVE_STDINT_H 1
| #define HAVE_UNISTD_H 1
| #define HAVE_GETOPT_H 1
| #define HAVE_FCNTL_H 1
| #define HAVE_FLOAT_H 1
| #define HAVE_REGEX_H 1
| #define HAVE_CTYPE_H 1
| #define HAVE_LOCALE_H 1
| #define HAVE_LIMITS_H 1
| #define HAVE_STRING_H 1
| #define HAVE_SYS_TIME_H 1
| #define HAVE_DLFCN_H 1
| /* end confdefs.h.  */
| #include <stdio.h>
| #ifdef HAVE_SYS_TYPES_H
| # include <sys/types.h>
| #endif
| #ifdef HAVE_SYS_STAT_H
| # include <sys/stat.h>
| #endif
| #ifdef STDC_HEADERS
| # include <stdlib.h>
| # include <stddef.h>
| #else
| # ifdef HAVE_STDLIB_H
| #  include <stdlib.h>
| # endif
| #endif
| #ifdef HAVE_STRING_H
| # if !defined STDC_HEADERS && defined HAVE_MEMORY_H
| #  include <memory.h>
| # endif
| # include <string.h>
| #endif
| #ifdef HAVE_STRINGS_H
| # include <strings.h>
| #endif
| #ifdef HAVE_INTTYPES_H
| # include <inttypes.h>
| #endif
| #ifdef HAVE_STDINT_H
| # include <stdint.h>
| #endif
| #ifdef HAVE_UNISTD_H
| # include <unistd.h>
| #endif
| 	        enum { N = 64 / 2 - 1 };
| int
| main ()
| {
| static int test_array [1 - 2 * !((int64_t) (((((int64_t) 1 << N) << N) - 1) * 2 + 1)
| 		 < (int64_t) (((((int64_t) 1 << N) << N) - 1) * 2 + 2))];
| test_array [0] = 0;
| return test_array [0];
| 
|   ;
|   return 0;
| }
configure:4572: result: yes
configure:4583: checking for uint64_t
configure:4583: g++ -c -g  conftest.cpp >&5
configure:4583: $? = 0
configure:4583: result: yes
configure:4597: checking for uint8_t
configure:4597: g++ -c -g  conftest.cpp >&5
configure:4597: $? = 0
configure:4597: result: yes
configure:4615: checking for stdlib.h
configure:4615: result: yes
configure:4625: checking for GNU libc compatible malloc
configure:4649: g++ -o conftest -g   conftest.cpp -ldl -lpthread  >&5
configure:4649: $? = 0
configure:4649: ./conftest
configure:4649: $? = 0
configure:4659: result: yes
configure:4680: checking for working strtod
configure:4721: g++ -o conftest -g   conftest.cpp -ldl -lpthread  >&5
conftest.cpp: In function 'int main()':
conftest.cpp:77:20: warning: deprecated conversion from string constant to 'char*' [-Wwrite-strings]
     char *string = " +69";
                    ^
conftest.cpp:88:20: warning: deprecated conversion from string constant to 'char*' [-Wwrite-strings]
     char *string = "NaN";
                    ^
configure:4721: $? = 0
configure:4721: ./conftest
configure:4721: $? = 0
configure:4731: result: yes
configure:4795: checking for working alloca.h
configure:4812: g++ -o conftest -g   conftest.cpp -ldl -lpthread  >&5
configure:4812: $? = 0
configure:4820: result: yes
configure:4828: checking for alloca
configure:4865: g++ -o conftest -g   conftest.cpp -ldl -lpthread  >&5
configure:4865: $? = 0
configure:4873: result: yes
configure:4981: checking for stdlib.h
configure:4981: result: yes
configure:4991: checking for GNU libc compatible realloc
configure:5015: g++ -o conftest -g   conftest.cpp -ldl -lpthread  >&5
configure:5015: $? = 0
configure:5015: ./conftest
configure:5015: $? = 0
configure:5025: result: yes
configure:5049: checking for memmove
configure:5049: g++ -o conftest -g   conftest.cpp -ldl -lpthread  >&5
configure:5049: $? = 0
configure:5049: result: yes
configure:5049: checking for memcpy
configure:5049: g++ -o conftest -g   conftest.cpp -ldl -lpthread  >&5
configure:5049: $? = 0
configure:5049: result: yes
configure:5049: checking for posix_memalign
configure:5049: g++ -o conftest -g   conftest.cpp -ldl -lpthread  >&5
configure:5049: $? = 0
configure:5049: result: yes
configure:5049: checking for gettimeofday
configure:5049: g++ -o conftest -g   conftest.cpp -ldl -lpthread  >&5
configure:5049: $? = 0
configure:5049: result: yes
configure:5049: checking for localtime_r
configure:5049: g++ -o conftest -g   conftest.cpp -ldl -lpthread  >&5
configure:5049: $? = 0
configure:5049: result: yes
configure:5049: checking for memchr
configure:5049: g++ -o conftest -g   conftest.cpp -ldl -lpthread  >&5
configure:5049: $? = 0
configure:5049: result: yes
configure:5049: checking for memset
configure:5049: g++ -o conftest -g   conftest.cpp -ldl -lpthread  >&5
configure:5049: $? = 0
configure:5049: result: yes
configure:5049: checking for pow
configure:5049: g++ -o conftest -g   conftest.cpp -ldl -lpthread  >&5
configure:5049: $? = 0
configure:5049: result: yes
configure:5049: checking for regcomp
configure:5049: g++ -o conftest -g   conftest.cpp -ldl -lpthread  >&5
configure:5049: $? = 0
configure:5049: result: yes
configure:5049: checking for strcasecmp
configure:5049: g++ -o conftest -g   conftest.cpp -ldl -lpthread  >&5
configure:5049: $? = 0
configure:5049: result: yes
configure:5049: checking for strchr
configure:5049: g++ -o conftest -g   conftest.cpp -ldl -lpthread  >&5
configure:5049: $? = 0
configure:5049: result: yes
configure:5049: checking for strcspn
configure:5049: g++ -o conftest -g   conftest.cpp -ldl -lpthread  >&5
configure:5049: $? = 0
configure:5049: result: yes
configure:5049: checking for sysinfo
configure:5049: g++ -o conftest -g   conftest.cpp -ldl -lpthread  >&5
configure:5049: $? = 0
configure:5049: result: yes
configure:5063: checking for library containing pthread_create
configure:5094: g++ -o conftest -g   conftest.cpp -ldl -lpthread  >&5
configure:5094: $? = 0
configure:5111: result: none required
configure:5153: checking for ps2pdf
configure:5169: found /usr/bin/ps2pdf
configure:5181: result: yes
configure:5200: checking pthread.h usability
configure:5200: g++ -c -g  conftest.cpp >&5
configure:5200: $? = 0
configure:5200: result: yes
configure:5200: checking pthread.h presence
configure:5200: g++ -E  conftest.cpp
configure:5200: $? = 0
configure:5200: result: yes
configure:5200: checking for pthread.h
configure:5200: result: yes
configure:5217: checking bzlib.h usability
configure:5217: g++ -c -g  conftest.cpp >&5
configure:5217: $? = 0
configure:5217: result: yes
configure:5217: checking bzlib.h presence
configure:5217: g++ -E  conftest.cpp
configure:5217: $? = 0
configure:5217: result: yes
configure:5217: checking for bzlib.h
configure:5217: result: yes
configure:5234: checking zlib.h usability
configure:5234: g++ -c -g  conftest.cpp >&5
configure:5234: $? = 0
configure:5234: result: yes
configure:5234: checking zlib.h presence
configure:5234: g++ -E  conftest.cpp
configure:5234: $? = 0
configure:5234: result: yes
configure:5234: checking for zlib.h
configure:5234: result: yes
configure:5254: checking windows.h usability
configure:5254: g++ -c -g  conftest.cpp >&5
conftest.cpp:88:21: fatal error: windows.h: No such file or directory
compilation terminated.
configure:5254: $? = 1
configure: failed program was:
| /* confdefs.h */
| #define PACKAGE_NAME "vsearch"
| #define PACKAGE_TARNAME "vsearch"
| #define PACKAGE_VERSION "2.7.1"
| #define PACKAGE_STRING "vsearch 2.7.1"
| #define PACKAGE_BUGREPORT "torognes@ifi.uio.no"
| #define PACKAGE_URL ""
| #define PACKAGE "vsearch"
| #define VERSION "2.7.1"
| #define HAVE_LIBPTHREAD 1
| #define HAVE_LIBDL 1
| #define STDC_HEADERS 1
| #define HAVE_SYS_TYPES_H 1
| #define HAVE_SYS_STAT_H 1
| #define HAVE_STDLIB_H 1
| #define HAVE_STRING_H 1
| #define HAVE_MEMORY_H 1
| #define HAVE_STRINGS_H 1
| #define HAVE_INTTYPES_H 1
| #define HAVE_STDINT_H 1
| #define HAVE_UNISTD_H 1
| #define HAVE_GETOPT_H 1
| #define HAVE_FCNTL_H 1
| #define HAVE_FLOAT_H 1
| #define HAVE_REGEX_H 1
| #define HAVE_CTYPE_H 1
| #define HAVE_LOCALE_H 1
| #define HAVE_LIMITS_H 1
| #define HAVE_STRING_H 1
| #define HAVE_SYS_TIME_H 1
| #define HAVE_DLFCN_H 1
| #define HAVE_STDLIB_H 1
| #define HAVE_MALLOC 1
| #define HAVE_ALLOCA_H 1
| #define HAVE_ALLOCA 1
| #define HAVE_STDLIB_H 1
| #define HAVE_REALLOC 1
| #define HAVE_MEMMOVE 1
| #define HAVE_MEMCPY 1
| #define HAVE_POSIX_MEMALIGN 1
| #define HAVE_GETTIMEOFDAY 1
| #define HAVE_LOCALTIME_R 1
| #define HAVE_MEMCHR 1
| #define HAVE_MEMSET 1
| #define HAVE_POW 1
| #define HAVE_REGCOMP 1
| #define HAVE_STRCASECMP 1
| #define HAVE_STRCHR 1
| #define HAVE_STRCSPN 1
| #define HAVE_SYSINFO 1
| #define HAVE_PTHREAD_H 1
| #define HAVE_BZLIB_H 1
| #define HAVE_ZLIB_H 1
| /* end confdefs.h.  */
| #include <stdio.h>
| #ifdef HAVE_SYS_TYPES_H
| # include <sys/types.h>
| #endif
| #ifdef HAVE_SYS_STAT_H
| # include <sys/stat.h>
| #endif
| #ifdef STDC_HEADERS
| # include <stdlib.h>
| # include <stddef.h>
| #else
| # ifdef HAVE_STDLIB_H
| #  include <stdlib.h>
| # endif
| #endif
| #ifdef HAVE_STRING_H
| # if !defined STDC_HEADERS && defined HAVE_MEMORY_H
| #  include <memory.h>
| # endif
| # include <string.h>
| #endif
| #ifdef HAVE_STRINGS_H
| # include <strings.h>
| #endif
| #ifdef HAVE_INTTYPES_H
| # include <inttypes.h>
| #endif
| #ifdef HAVE_STDINT_H
| # include <stdint.h>
| #endif
| #ifdef HAVE_UNISTD_H
| # include <unistd.h>
| #endif
| #include <windows.h>
configure:5254: result: no
configure:5254: checking windows.h presence
configure:5254: g++ -E  conftest.cpp
conftest.cpp:55:21: fatal error: windows.h: No such file or directory
compilation terminated.
configure:5254: $? = 1
configure: failed program was:
| /* confdefs.h */
| #define PACKAGE_NAME "vsearch"
| #define PACKAGE_TARNAME "vsearch"
| #define PACKAGE_VERSION "2.7.1"
| #define PACKAGE_STRING "vsearch 2.7.1"
| #define PACKAGE_BUGREPORT "torognes@ifi.uio.no"
| #define PACKAGE_URL ""
| #define PACKAGE "vsearch"
| #define VERSION "2.7.1"
| #define HAVE_LIBPTHREAD 1
| #define HAVE_LIBDL 1
| #define STDC_HEADERS 1
| #define HAVE_SYS_TYPES_H 1
| #define HAVE_SYS_STAT_H 1
| #define HAVE_STDLIB_H 1
| #define HAVE_STRING_H 1
| #define HAVE_MEMORY_H 1
| #define HAVE_STRINGS_H 1
| #define HAVE_INTTYPES_H 1
| #define HAVE_STDINT_H 1
| #define HAVE_UNISTD_H 1
| #define HAVE_GETOPT_H 1
| #define HAVE_FCNTL_H 1
| #define HAVE_FLOAT_H 1
| #define HAVE_REGEX_H 1
| #define HAVE_CTYPE_H 1
| #define HAVE_LOCALE_H 1
| #define HAVE_LIMITS_H 1
| #define HAVE_STRING_H 1
| #define HAVE_SYS_TIME_H 1
| #define HAVE_DLFCN_H 1
| #define HAVE_STDLIB_H 1
| #define HAVE_MALLOC 1
| #define HAVE_ALLOCA_H 1
| #define HAVE_ALLOCA 1
| #define HAVE_STDLIB_H 1
| #define HAVE_REALLOC 1
| #define HAVE_MEMMOVE 1
| #define HAVE_MEMCPY 1
| #define HAVE_POSIX_MEMALIGN 1
| #define HAVE_GETTIMEOFDAY 1
| #define HAVE_LOCALTIME_R 1
| #define HAVE_MEMCHR 1
| #define HAVE_MEMSET 1
| #define HAVE_POW 1
| #define HAVE_REGCOMP 1
| #define HAVE_STRCASECMP 1
| #define HAVE_STRCHR 1
| #define HAVE_STRCSPN 1
| #define HAVE_SYSINFO 1
| #define HAVE_PTHREAD_H 1
| #define HAVE_BZLIB_H 1
| #define HAVE_ZLIB_H 1
| /* end confdefs.h.  */
| #include <windows.h>
configure:5254: result: no
configure:5254: checking for windows.h
configure:5254: result: no
configure:5369: checking for gcc
configure:5385: found /usr/bin/gcc
configure:5396: result: gcc
configure:5625: checking for C compiler version
configure:5634: gcc --version >&5
gcc (Ubuntu 5.4.0-6ubuntu1~16.04.12) 5.4.0 20160609
Copyright (C) 2015 Free Software Foundation, Inc.
This is free software; see the source for copying conditions.  There is NO
warranty; not even for MERCHANTABILITY or FITNESS FOR A PARTICULAR PURPOSE.

configure:5645: $? = 0
configure:5634: gcc -v >&5
Using built-in specs.
COLLECT_GCC=gcc
COLLECT_LTO_WRAPPER=/usr/lib/gcc/x86_64-linux-gnu/5/lto-wrapper
Target: x86_64-linux-gnu
Configured with: ../src/configure -v --with-pkgversion='Ubuntu 5.4.0-6ubuntu1~16.04.12' --with-bugurl=file:///usr/share/doc/gcc-5/README.Bugs --enable-languages=c,ada,c++,java,go,d,fortran,objc,obj-c++ --prefix=/usr --program-suffix=-5 --enable-shared --enable-linker-build-id --libexecdir=/usr/lib --without-included-gettext --enable-threads=posix --libdir=/usr/lib --enable-nls --with-sysroot=/ --enable-clocale=gnu --enable-libstdcxx-debug --enable-libstdcxx-time=yes --with-default-libstdcxx-abi=new --enable-gnu-unique-object --disable-vtable-verify --enable-libmpx --enable-plugin --with-system-zlib --disable-browser-plugin --enable-java-awt=gtk --enable-gtk-cairo --with-java-home=/usr/lib/jvm/java-1.5.0-gcj-5-amd64/jre --enable-java-home --with-jvm-root-dir=/usr/lib/jvm/java-1.5.0-gcj-5-amd64 --with-jvm-jar-dir=/usr/lib/jvm-exports/java-1.5.0-gcj-5-amd64 --with-arch-directory=amd64 --with-ecj-jar=/usr/share/java/eclipse-ecj.jar --enable-objc-gc --enable-multiarch --disable-werror --with-arch-32=i686 --with-abi=m64 --with-multilib-list=m32,m64,mx32 --enable-multilib --with-tune=generic --enable-checking=release --build=x86_64-linux-gnu --host=x86_64-linux-gnu --target=x86_64-linux-gnu
Thread model: posix
gcc version 5.4.0 20160609 (Ubuntu 5.4.0-6ubuntu1~16.04.12) 
configure:5645: $? = 0
configure:5634: gcc -V >&5
gcc: error: unrecognized command line option '-V'
gcc: fatal error: no input files
compilation terminated.
configure:5645: $? = 1
configure:5634: gcc -qversion >&5
gcc: error: unrecognized command line option '-qversion'
gcc: fatal error: no input files
compilation terminated.
configure:5645: $? = 1
configure:5649: checking whether we are using the GNU C compiler
configure:5668: gcc -c -g  conftest.c >&5
configure:5668: $? = 0
configure:5677: result: yes
configure:5686: checking whether gcc accepts -g
configure:5706: gcc -c -g  conftest.c >&5
configure:5706: $? = 0
configure:5747: result: yes
configure:5764: checking for gcc option to accept ISO C89
configure:5827: gcc  -c -g  conftest.c >&5
configure:5827: $? = 0
configure:5840: result: none needed
configure:5865: checking whether gcc understands -c and -o together
configure:5887: gcc -c conftest.c -o conftest2.o
configure:5890: $? = 0
configure:5887: gcc -c conftest.c -o conftest2.o
configure:5890: $? = 0
configure:5902: result: yes
configure:5921: checking dependency style of gcc
configure:6032: result: gcc3
configure:6161: checking that generated files are newer than configure
configure:6167: result: done
configure:6222: creating ./config.status

## ---------------------- ##
## Running config.status. ##
## ---------------------- ##

This file was extended by vsearch config.status 2.7.1, which was
generated by GNU Autoconf 2.69.  Invocation command line was

  CONFIG_FILES    = 
  CONFIG_HEADERS  = 
  CONFIG_LINKS    = 
  CONFIG_COMMANDS = 
  $ ./config.status 

on cb-head1

config.status:924: creating Makefile
config.status:924: creating src/Makefile
config.status:924: creating man/Makefile
config.status:924: creating config.h
config.status:1153: executing depfiles commands

## ---------------- ##
## Cache variables. ##
## ---------------- ##

ac_cv_build=x86_64-pc-linux-gnu
ac_cv_c_compiler_gnu=yes
ac_cv_c_inline=inline
ac_cv_c_int64_t=yes
ac_cv_c_uint32_t=yes
ac_cv_c_uint64_t=yes
ac_cv_c_uint8_t=yes
ac_cv_cxx_compiler_gnu=yes
ac_cv_env_CCC_set=
ac_cv_env_CCC_value=
ac_cv_env_CC_set=
ac_cv_env_CC_value=
ac_cv_env_CFLAGS_set=
ac_cv_env_CFLAGS_value=
ac_cv_env_CPPFLAGS_set=
ac_cv_env_CPPFLAGS_value=
ac_cv_env_CXXCPP_set=
ac_cv_env_CXXCPP_value=
ac_cv_env_CXXFLAGS_set=
ac_cv_env_CXXFLAGS_value=
ac_cv_env_CXX_set=
ac_cv_env_CXX_value=
ac_cv_env_LDFLAGS_set=
ac_cv_env_LDFLAGS_value=
ac_cv_env_LIBS_set=
ac_cv_env_LIBS_value=
ac_cv_env_build_alias_set=
ac_cv_env_build_alias_value=
ac_cv_env_host_alias_set=
ac_cv_env_host_alias_value=
ac_cv_env_target_alias_set=
ac_cv_env_target_alias_value=
ac_cv_func_alloca_works=yes
ac_cv_func_gettimeofday=yes
ac_cv_func_localtime_r=yes
ac_cv_func_malloc_0_nonnull=yes
ac_cv_func_memchr=yes
ac_cv_func_memcpy=yes
ac_cv_func_memmove=yes
ac_cv_func_memset=yes
ac_cv_func_posix_memalign=yes
ac_cv_func_pow=yes
ac_cv_func_realloc_0_nonnull=yes
ac_cv_func_regcomp=yes
ac_cv_func_strcasecmp=yes
ac_cv_func_strchr=yes
ac_cv_func_strcspn=yes
ac_cv_func_strtod=yes
ac_cv_func_sysinfo=yes
ac_cv_header_bzlib_h=yes
ac_cv_header_ctype_h=yes
ac_cv_header_dlfcn_h=yes
ac_cv_header_fcntl_h=yes
ac_cv_header_float_h=yes
ac_cv_header_getopt_h=yes
ac_cv_header_inttypes_h=yes
ac_cv_header_limits_h=yes
ac_cv_header_locale_h=yes
ac_cv_header_memory_h=yes
ac_cv_header_pthread_h=yes
ac_cv_header_regex_h=yes
ac_cv_header_stdc=yes
ac_cv_header_stdint_h=yes
ac_cv_header_stdlib_h=yes
ac_cv_header_string_h=yes
ac_cv_header_strings_h=yes
ac_cv_header_sys_stat_h=yes
ac_cv_header_sys_time_h=yes
ac_cv_header_sys_types_h=yes
ac_cv_header_unistd_h=yes
ac_cv_header_windows_h=no
ac_cv_header_zlib_h=yes
ac_cv_host=x86_64-pc-linux-gnu
ac_cv_lib_dl_dlopen=yes
ac_cv_lib_psapi_GetProcessMemoryInfo=no
ac_cv_lib_pthread_pthread_create=yes
ac_cv_objext=o
ac_cv_path_EGREP='/bin/grep -E'
ac_cv_path_GREP=/bin/grep
ac_cv_path_install='/usr/bin/install -c'
ac_cv_path_mkdir=/bin/mkdir
ac_cv_prog_AWK=gawk
ac_cv_prog_CXXCPP='g++ -E'
ac_cv_prog_HAVE_PS2PDF=yes
ac_cv_prog_ac_ct_CC=gcc
ac_cv_prog_ac_ct_CXX=g++
ac_cv_prog_ac_ct_RANLIB=ranlib
ac_cv_prog_cc_c89=
ac_cv_prog_cc_g=yes
ac_cv_prog_cxx_g=yes
ac_cv_prog_make_make_set=yes
ac_cv_search_pthread_create='none required'
ac_cv_target=x86_64-pc-linux-gnu
ac_cv_type_size_t=yes
ac_cv_working_alloca_h=yes
am_cv_CC_dependencies_compiler_type=gcc3
am_cv_CXX_dependencies_compiler_type=gcc3
am_cv_make_support_nested_variables=yes
am_cv_prog_cc_c_o=yes

## ----------------- ##
## Output variables. ##
## ----------------- ##

ACLOCAL='${SHELL} /mnt/home1/miska/riehl/AnnotationTask/SoftwarePackages/BenchmarkAnnotator/miteTracker/vsearch-2.7.1/missing aclocal-1.15'
ALLOCA=''
AMDEPBACKSLASH='\'
AMDEP_FALSE='#'
AMDEP_TRUE=''
AMTAR='$${TAR-tar}'
AM_BACKSLASH='\'
AM_DEFAULT_V='$(AM_DEFAULT_VERBOSITY)'
AM_DEFAULT_VERBOSITY='1'
AM_V='$(V)'
AUTOCONF='${SHELL} /mnt/home1/miska/riehl/AnnotationTask/SoftwarePackages/BenchmarkAnnotator/miteTracker/vsearch-2.7.1/missing autoconf'
AUTOHEADER='${SHELL} /mnt/home1/miska/riehl/AnnotationTask/SoftwarePackages/BenchmarkAnnotator/miteTracker/vsearch-2.7.1/missing autoheader'
AUTOMAKE='${SHELL} /mnt/home1/miska/riehl/AnnotationTask/SoftwarePackages/BenchmarkAnnotator/miteTracker/vsearch-2.7.1/missing automake-1.15'
AWK='gawk'
CC='gcc'
CCDEPMODE='depmode=gcc3'
CFLAGS='-g'
CPPFLAGS=''
CXX='g++'
CXXCPP='g++ -E'
CXXDEPMODE='depmode=gcc3'
CXXFLAGS='-g'
CYGPATH_W='echo'
DEFS='-DHAVE_CONFIG_H'
DEPDIR='.deps'
ECHO_C=''
ECHO_N='-n'
ECHO_T=''
EGREP='/bin/grep -E'
EXEEXT=''
GREP='/bin/grep'
HAVE_BZLIB_FALSE='#'
HAVE_BZLIB_TRUE=''
HAVE_PS2PDF='yes'
HAVE_PS2PDF_FALSE='#'
HAVE_PS2PDF_TRUE=''
HAVE_PTHREADS_FALSE='#'
HAVE_PTHREADS_TRUE=''
HAVE_ZLIB_FALSE='#'
HAVE_ZLIB_TRUE=''
INSTALL_DATA='${INSTALL} -m 644'
INSTALL_PROGRAM='${INSTALL}'
INSTALL_SCRIPT='${INSTALL}'
INSTALL_STRIP_PROGRAM='$(install_sh) -c -s'
LDFLAGS=''
LIBOBJS=''
LIBS='-ldl -lpthread '
LTLIBOBJS=''
MACOSX_DEPLOYMENT_TARGET='10.7'
MAKEINFO='${SHELL} /mnt/home1/miska/riehl/AnnotationTask/SoftwarePackages/BenchmarkAnnotator/miteTracker/vsearch-2.7.1/missing makeinfo'
MKDIR_P='/bin/mkdir -p'
OBJEXT='o'
PACKAGE='vsearch'
PACKAGE_BUGREPORT='torognes@ifi.uio.no'
PACKAGE_NAME='vsearch'
PACKAGE_STRING='vsearch 2.7.1'
PACKAGE_TARNAME='vsearch'
PACKAGE_URL=''
PACKAGE_VERSION='2.7.1'
PATH_SEPARATOR=':'
POW_LIB=''
RANLIB='ranlib'
SET_MAKE=''
SHELL='/bin/bash'
STRIP=''
TARGET_PPC_FALSE=''
TARGET_PPC_TRUE='#'
TARGET_WIN_FALSE=''
TARGET_WIN_TRUE='#'
VERSION='2.7.1'
ac_ct_CC='gcc'
ac_ct_CXX='g++'
am__EXEEXT_FALSE=''
am__EXEEXT_TRUE='#'
am__fastdepCC_FALSE='#'
am__fastdepCC_TRUE=''
am__fastdepCXX_FALSE='#'
am__fastdepCXX_TRUE=''
am__include='include'
am__isrc=''
am__leading_dot='.'
am__nodep='_no'
am__quote=''
am__tar='$${TAR-tar} chof - "$$tardir"'
am__untar='$${TAR-tar} xf -'
bindir='${exec_prefix}/bin'
build='x86_64-pc-linux-gnu'
build_alias=''
build_cpu='x86_64'
build_os='linux-gnu'
build_vendor='pc'
datadir='${datarootdir}'
datarootdir='${prefix}/share'
docdir='${datarootdir}/doc/${PACKAGE_TARNAME}'
dvidir='${docdir}'
exec_prefix='${prefix}'
host='x86_64-pc-linux-gnu'
host_alias=''
host_cpu='x86_64'
host_os='linux-gnu'
host_vendor='pc'
htmldir='${docdir}'
includedir='${prefix}/include'
infodir='${datarootdir}/info'
install_sh='${SHELL} /mnt/home1/miska/riehl/AnnotationTask/SoftwarePackages/BenchmarkAnnotator/miteTracker/vsearch-2.7.1/install-sh'
libdir='${exec_prefix}/lib'
libexecdir='${exec_prefix}/libexec'
localedir='${datarootdir}/locale'
localstatedir='${prefix}/var'
mandir='${datarootdir}/man'
mkdir_p='$(MKDIR_P)'
oldincludedir='/usr/include'
pdfdir='${docdir}'
prefix='/usr/local'
program_transform_name='s,x,x,'
psdir='${docdir}'
runstatedir='${localstatedir}/run'
sbindir='${exec_prefix}/sbin'
sharedstatedir='${prefix}/com'
sysconfdir='${prefix}/etc'
target='x86_64-pc-linux-gnu'
target_alias=''
target_cpu='x86_64'
target_os='linux-gnu'
target_vendor='pc'

## ----------- ##
## confdefs.h. ##
## ----------- ##

/* confdefs.h */
#define PACKAGE_NAME "vsearch"
#define PACKAGE_TARNAME "vsearch"
#define PACKAGE_VERSION "2.7.1"
#define PACKAGE_STRING "vsearch 2.7.1"
#define PACKAGE_BUGREPORT "torognes@ifi.uio.no"
#define PACKAGE_URL ""
#define PACKAGE "vsearch"
#define VERSION "2.7.1"
#define HAVE_LIBPTHREAD 1
#define HAVE_LIBDL 1
#define STDC_HEADERS 1
#define HAVE_SYS_TYPES_H 1
#define HAVE_SYS_STAT_H 1
#define HAVE_STDLIB_H 1
#define HAVE_STRING_H 1
#define HAVE_MEMORY_H 1
#define HAVE_STRINGS_H 1
#define HAVE_INTTYPES_H 1
#define HAVE_STDINT_H 1
#define HAVE_UNISTD_H 1
#define HAVE_GETOPT_H 1
#define HAVE_FCNTL_H 1
#define HAVE_FLOAT_H 1
#define HAVE_REGEX_H 1
#define HAVE_CTYPE_H 1
#define HAVE_LOCALE_H 1
#define HAVE_LIMITS_H 1
#define HAVE_STRING_H 1
#define HAVE_SYS_TIME_H 1
#define HAVE_DLFCN_H 1
#define HAVE_STDLIB_H 1
#define HAVE_MALLOC 1
#define HAVE_ALLOCA_H 1
#define HAVE_ALLOCA 1
#define HAVE_STDLIB_H 1
#define HAVE_REALLOC 1
#define HAVE_MEMMOVE 1
#define HAVE_MEMCPY 1
#define HAVE_POSIX_MEMALIGN 1
#define HAVE_GETTIMEOFDAY 1
#define HAVE_LOCALTIME_R 1
#define HAVE_MEMCHR 1
#define HAVE_MEMSET 1
#define HAVE_POW 1
#define HAVE_REGCOMP 1
#define HAVE_STRCASECMP 1
#define HAVE_STRCHR 1
#define HAVE_STRCSPN 1
#define HAVE_SYSINFO 1
#define HAVE_PTHREAD_H 1
#define HAVE_BZLIB_H 1
#define HAVE_ZLIB_H 1

configure: exit 0
